<?xml version="1.0" encoding="UTF-8"?>
<!-- Generated by org.testng.reporters.JUnitReportReporter -->
<testsuite hostname="DESKTOP-F82TH42" failures="0" tests="1" name="krishna.Tests.ErrorValidation" time="2.818" errors="0" timestamp="2024-11-16T11:55:53 IST" skipped="0">
  <testcase classname="krishna.Tests.ErrorValidation" name="submitOrder" time="2.818"/>
</testsuite> <!-- krishna.Tests.ErrorValidation -->
