<?xml version="1.0" encoding="UTF-8"?>
<!-- Generated by org.testng.reporters.JUnitReportReporter -->
<testsuite hostname="DESKTOP-F82TH42" failures="0" tests="3" name="krishna.Tests.SubmitOrderTest" time="43.798" errors="0" timestamp="2024-11-17T21:04:31 IST" skipped="0">
  <testcase classname="krishna.Tests.SubmitOrderTest" name="OrderHistoryTest" time="8.825"/>
  <testcase classname="krishna.Tests.SubmitOrderTest" name="submitOrder" time="18.374"/>
  <testcase classname="krishna.Tests.SubmitOrderTest" name="submitOrder" time="16.599"/>
</testsuite> <!-- krishna.Tests.SubmitOrderTest -->
