<?xml version="1.0" encoding="UTF-8"?>
<!-- Generated by org.testng.reporters.JUnitReportReporter -->
<testsuite hostname="DESKTOP-F82TH42" failures="0" tests="1" name="cucumber.TestNGTestRunner" time="19.464" errors="0" timestamp="2024-11-21T17:24:42 IST" skipped="0">
  <testcase classname="cucumber.TestNGTestRunner" name="runScenario" time="19.464"/>
</testsuite> <!-- cucumber.TestNGTestRunner -->
